#
# There is insufficient memory for the Java Runtime Environment to continue.
# Native memory allocation (malloc) failed to allocate 632384 bytes. Error detail: Chunk::new
# Possible reasons:
#   The system is out of physical RAM or swap space
#   This process is running with CompressedOops enabled, and the Java Heap may be blocking the growth of the native heap
# Possible solutions:
#   Reduce memory load on the system
#   Increase physical memory or swap space
#   Check if swap backing store is full
#   Decrease Java heap size (-Xmx/-Xms)
#   Decrease number of Java threads
#   Decrease Java thread stack sizes (-Xss)
#   Set larger code cache with -XX:ReservedCodeCacheSize=
#   JVM is running with Unscaled Compressed Oops mode in which the Java heap is
#     placed in the first 4GB address space. The Java Heap base address is the
#     maximum limit for the native heap growth. Please use -XX:HeapBaseMinAddress
#     to set the Java Heap base and to place the Java Heap above 4GB virtual address.
# This output file may be truncated or incomplete.
#
#  Out of Memory Error (arena.cpp:168), pid=15356, tid=11396
#
# JRE version: OpenJDK Runtime Environment (21.0.9) (build 21.0.9+-14787801-b1163.94)
# Java VM: OpenJDK 64-Bit Server VM (21.0.9+-14787801-b1163.94, mixed mode, tiered, compressed oops, compressed class ptrs, g1 gc, windows-amd64)
# No core dump will be written. Minidumps are not enabled by default on client versions of Windows
#

---------------  S U M M A R Y ------------

Command Line: -Dfile.encoding=UTF-8 -Duser.country=UA -Duser.language=uk -Duser.variant com.example.app.MainKt

Host: AMD Ryzen 5 3500U with Radeon Vega Mobile Gfx  , 8 cores, 5G,  Windows 10 , 64 bit Build 19041 (10.0.19041.4842)
Time: Fri Apr 17 01:34:41 2026 elapsed time: 56.511481 seconds (0d 0h 0m 56s)

---------------  T H R E A D  ---------------

Current thread (0x0000019068b90a40):  JavaThread "C2 CompilerThread0" daemon [_thread_in_native, id=11396, stack(0x000000723e600000,0x000000723e700000) (1024K)]


Current CompileTask:
C2:56511 6894   !   4       kotlinx.coroutines.flow.StateFlowImpl::collect (534 bytes)

Stack: [0x000000723e600000,0x000000723e700000]
Native frames: (J=compiled Java code, j=interpreted, Vv=VM code, C=native code)
V  [jvm.dll+0x6d6c99]
V  [jvm.dll+0x866b83]
V  [jvm.dll+0x8691ae]
V  [jvm.dll+0x869893]
V  [jvm.dll+0x280776]
V  [jvm.dll+0xc07cd]
V  [jvm.dll+0xc0d03]
V  [jvm.dll+0x3b986b]
V  [jvm.dll+0x1dfcb2]
V  [jvm.dll+0x2495b4]
V  [jvm.dll+0x248a31]
V  [jvm.dll+0x1c7344]
V  [jvm.dll+0x2581ae]
V  [jvm.dll+0x2566f6]
V  [jvm.dll+0x3f48a6]
V  [jvm.dll+0x80f118]
V  [jvm.dll+0x6d54ed]
C  [ucrtbase.dll+0x21bb2]
C  [KERNEL32.DLL+0x17374]
C  [ntdll.dll+0x4cc91]


---------------  P R O C E S S  ---------------

Threads class SMR info:
_java_thread_list=0x0000019018133250, length=23, elements={
0x0000019051d3f950, 0x00000190689da900, 0x0000019068b40350, 0x0000019068b586b0,
0x0000019068b59250, 0x0000019068b59cb0, 0x0000019068b6a790, 0x0000019068b834d0,
0x0000019068b90a40, 0x0000019068b914e0, 0x0000019068d1e350, 0x000001906d3c33d0,
0x000001906d3c67e0, 0x000001906d3c8880, 0x000001906d4b16d0, 0x000001906e861700,
0x000001906e9f0a40, 0x000001906e99d090, 0x000001906e99bce0, 0x000001906e99ead0,
0x000001906e99e440, 0x000001906e99f160, 0x0000019018990c40
}
_to_delete_list=0x0000019017aedc60, length=22, elements={
0x0000019051d3f950, 0x00000190689da900, 0x0000019068b40350, 0x0000019068b586b0,
0x0000019068b59250, 0x0000019068b59cb0, 0x0000019068b6a790, 0x0000019068b834d0,
0x0000019068b90a40, 0x0000019068b914e0, 0x0000019068d1e350, 0x000001906d3c33d0,
0x000001906d3c67e0, 0x000001906d3c8880, 0x000001906d4b16d0, 0x000001906e861700,
0x000001906e9f0a40, 0x000001906e99d090, 0x000001906e99bce0, 0x000001906e99ead0,
0x000001906e99e440, 0x000001906e99f160
}

Java Threads: ( => current thread )
  0x0000019051d3f950 JavaThread "main"                              [_thread_blocked, id=9260, stack(0x000000723d700000,0x000000723d800000) (1024K)]
  0x00000190689da900 JavaThread "Common-Cleaner"             daemon [_thread_blocked, id=11988, stack(0x000000723df00000,0x000000723e000000) (1024K)]
  0x0000019068b40350 JavaThread "Reference Handler"          daemon [_thread_blocked, id=7580, stack(0x000000723e000000,0x000000723e100000) (1024K)]
  0x0000019068b586b0 JavaThread "Finalizer"                  daemon [_thread_blocked, id=17880, stack(0x000000723e100000,0x000000723e200000) (1024K)]
  0x0000019068b59250 JavaThread "Signal Dispatcher"          daemon [_thread_blocked, id=15620, stack(0x000000723e200000,0x000000723e300000) (1024K)]
  0x0000019068b59cb0 JavaThread "Attach Listener"            daemon [_thread_blocked, id=1896, stack(0x000000723e300000,0x000000723e400000) (1024K)]
  0x0000019068b6a790 JavaThread "Service Thread"             daemon [_thread_blocked, id=8268, stack(0x000000723e400000,0x000000723e500000) (1024K)]
  0x0000019068b834d0 JavaThread "Monitor Deflation Thread"   daemon [_thread_blocked, id=8760, stack(0x000000723e500000,0x000000723e600000) (1024K)]
=>0x0000019068b90a40 JavaThread "C2 CompilerThread0"         daemon [_thread_in_native, id=11396, stack(0x000000723e600000,0x000000723e700000) (1024K)]
  0x0000019068b914e0 JavaThread "C1 CompilerThread0"         daemon [_thread_blocked, id=8972, stack(0x000000723e700000,0x000000723e800000) (1024K)]
  0x0000019068d1e350 JavaThread "Notification Thread"        daemon [_thread_blocked, id=2752, stack(0x000000723e800000,0x000000723e900000) (1024K)]
  0x000001906d3c33d0 JavaThread "Java2D Disposer"            daemon [_thread_blocked, id=16236, stack(0x000000723e900000,0x000000723ea00000) (1024K)]
  0x000001906d3c67e0 JavaThread "AWT-Shutdown"                      [_thread_blocked, id=16928, stack(0x000000723ea00000,0x000000723eb00000) (1024K)]
  0x000001906d3c8880 JavaThread "AWT-Windows"                daemon [_thread_in_native, id=2576, stack(0x000000723eb00000,0x000000723ec00000) (1024K)]
  0x000001906d4b16d0 JavaThread "AWT-EventQueue-0"                  [_thread_blocked, id=12704, stack(0x000000723ec00000,0x000000723ed00000) (1024K)]
  0x000001906e861700 JavaThread "TimerQueue"                 daemon [_thread_blocked, id=3060, stack(0x000000723f200000,0x000000723f300000) (1024K)]
  0x000001906e9f0a40 JavaThread "DefaultDispatcher-worker-1" daemon [_thread_blocked, id=5292, stack(0x000000723f300000,0x000000723f400000) (1024K)]
  0x000001906e99d090 JavaThread "DefaultDispatcher-worker-2" daemon [_thread_blocked, id=12720, stack(0x000000723f400000,0x000000723f500000) (1024K)]
  0x000001906e99bce0 JavaThread "DefaultDispatcher-worker-3" daemon [_thread_blocked, id=12824, stack(0x000000723f500000,0x000000723f600000) (1024K)]
  0x000001906e99ead0 JavaThread "kotlinx.coroutines.DefaultExecutor" daemon [_thread_blocked, id=7320, stack(0x000000723f600000,0x000000723f700000) (1024K)]
  0x000001906e99e440 JavaThread "Reference Cleaner"          daemon [_thread_blocked, id=4276, stack(0x000000723f700000,0x000000723f800000) (1024K)]
  0x000001906e99f160 JavaThread "skiko-dispatcher-to-block-on" daemon [_thread_blocked, id=17612, stack(0x0000007240200000,0x0000007240300000) (1024K)]
  0x0000019018990c40 JavaThread "skiko-dispatcher-to-block-on" daemon [_thread_blocked, id=16552, stack(0x0000007240600000,0x0000007240700000) (1024K)]
Total: 23

Other Threads:
  0x0000019068984180 VMThread "VM Thread"                           [id=15896, stack(0x000000723de00000,0x000000723df00000) (1024K)]
  0x0000019068928490 WatcherThread "VM Periodic Task Thread"        [id=5144, stack(0x000000723dd00000,0x000000723de00000) (1024K)]
  0x0000019051d82b60 WorkerThread "GC Thread#0"                     [id=17976, stack(0x000000723d800000,0x000000723d900000) (1024K)]
  0x000001906e7a5970 WorkerThread "GC Thread#1"                     [id=16508, stack(0x000000723ed00000,0x000000723ee00000) (1024K)]
  0x000001906e7a2f00 WorkerThread "GC Thread#2"                     [id=11744, stack(0x000000723ee00000,0x000000723ef00000) (1024K)]
  0x000001906e7a32a0 WorkerThread "GC Thread#3"                     [id=732, stack(0x000000723ef00000,0x000000723f000000) (1024K)]
  0x000001906e7a3640 WorkerThread "GC Thread#4"                     [id=14508, stack(0x000000723f000000,0x000000723f100000) (1024K)]
  0x000001906e7a3db0 WorkerThread "GC Thread#5"                     [id=17724, stack(0x000000723f100000,0x000000723f200000) (1024K)]
  0x000001906e806b60 WorkerThread "GC Thread#6"                     [id=9056, stack(0x000000723f800000,0x000000723f900000) (1024K)]
  0x000001906e806f00 WorkerThread "GC Thread#7"                     [id=2292, stack(0x000000723f900000,0x000000723fa00000) (1024K)]
  0x0000019051d90100 ConcurrentGCThread "G1 Main Marker"            [id=5912, stack(0x000000723d900000,0x000000723da00000) (1024K)]
  0x0000019051d90c00 WorkerThread "G1 Conc#0"                       [id=17028, stack(0x000000723da00000,0x000000723db00000) (1024K)]
  0x000001906e806080 WorkerThread "G1 Conc#1"                       [id=9912, stack(0x000000723fa00000,0x000000723fb00000) (1024K)]
  0x00000190688010b0 ConcurrentGCThread "G1 Refine#0"               [id=9316, stack(0x000000723db00000,0x000000723dc00000) (1024K)]
  0x0000019068801c20 ConcurrentGCThread "G1 Service"                [id=1660, stack(0x000000723dc00000,0x000000723dd00000) (1024K)]
Total: 15

Threads with active compile tasks:
C2 CompilerThread0  58110 6894   !   4       kotlinx.coroutines.flow.StateFlowImpl::collect (534 bytes)
Total: 1

VM state: not at safepoint (normal execution)

VM Mutex/Monitor currently owned by a thread: None

Heap address: 0x00000000a1e00000, size: 1506 MB, Compressed Oops mode: 32-bit

CDS archive(s) not mapped
Compressed class space mapped at: 0x0000000100000000-0x0000000140000000, reserved size: 1073741824
Narrow klass base: 0x0000000000000000, Narrow klass shift: 3, Narrow klass range: 0x140000000

GC Precious Log:
 CardTable entry size: 512
 Card Set container configuration: InlinePtr #cards 5 size 8 Array Of Cards #cards 12 size 40 Howl #buckets 4 coarsen threshold 1843 Howl Bitmap #cards 512 size 80 coarsen threshold 460 Card regions per heap region 1 cards per card region 2048
 CPUs: 8 total, 8 available
 Memory: 6020M
 Large Page Support: Disabled
 NUMA Support: Disabled
 Compressed Oops: Enabled (32-bit)
 Heap Region Size: 1M
 Heap Min Capacity: 8M
 Heap Initial Capacity: 96M
 Heap Max Capacity: 1506M
 Pre-touch: Disabled
 Parallel Workers: 8
 Concurrent Workers: 2
 Concurrent Refinement Workers: 8
 Periodic GC: Disabled

Heap:
 garbage-first heap   total 29696K, used 11894K [0x00000000a1e00000, 0x0000000100000000)
  region size 1024K, 2 young (2048K), 1 survivors (1024K)
 Metaspace       used 42712K, committed 43136K, reserved 1114112K
  class space    used 4244K, committed 4416K, reserved 1048576K

Heap Regions: E=young(eden), S=young(survivor), O=old, HS=humongous(starts), HC=humongous(continues), CS=collection set, F=free, TAMS=top-at-mark-start, PB=parsable bottom
|   0|0x00000000a1e00000, 0x00000000a1f00000, 0x00000000a1f00000|100%|HS|  |TAMS 0x00000000a1e00000| PB 0x00000000a1e00000| Untracked 
|   1|0x00000000a1f00000, 0x00000000a2000000, 0x00000000a2000000|100%|HC|  |TAMS 0x00000000a1f00000| PB 0x00000000a1f00000| Untracked 
|   2|0x00000000a2000000, 0x00000000a2100000, 0x00000000a2100000|100%| O|  |TAMS 0x00000000a2000000| PB 0x00000000a2000000| Untracked 
|   3|0x00000000a2100000, 0x00000000a2200000, 0x00000000a2200000|100%| O|  |TAMS 0x00000000a2100000| PB 0x00000000a2100000| Untracked 
|   4|0x00000000a2200000, 0x00000000a2300000, 0x00000000a2300000|100%| O|  |TAMS 0x00000000a2200000| PB 0x00000000a2200000| Untracked 
|   5|0x00000000a2300000, 0x00000000a23ffff0, 0x00000000a2400000| 99%| O|  |TAMS 0x00000000a2300000| PB 0x00000000a2300000| Untracked 
|   6|0x00000000a2400000, 0x00000000a24fcd78, 0x00000000a2500000| 98%| O|  |TAMS 0x00000000a2400000| PB 0x00000000a2400000| Untracked 
|   7|0x00000000a2500000, 0x00000000a2600000, 0x00000000a2600000|100%|HS|  |TAMS 0x00000000a2500000| PB 0x00000000a2500000| Untracked 
|   8|0x00000000a2600000, 0x00000000a2700000, 0x00000000a2700000|100%|HC|  |TAMS 0x00000000a2600000| PB 0x00000000a2600000| Untracked 
|   9|0x00000000a2700000, 0x00000000a27f60e0, 0x00000000a2800000| 96%| O|  |TAMS 0x00000000a2700000| PB 0x00000000a2700000| Untracked 
|  10|0x00000000a2800000, 0x00000000a28e7148, 0x00000000a2900000| 90%| O|  |TAMS 0x00000000a2800000| PB 0x00000000a2800000| Untracked 
|  11|0x00000000a2900000, 0x00000000a2900000, 0x00000000a2a00000|  0%| F|  |TAMS 0x00000000a2900000| PB 0x00000000a2900000| Untracked 
|  12|0x00000000a2a00000, 0x00000000a2a00000, 0x00000000a2b00000|  0%| F|  |TAMS 0x00000000a2a00000| PB 0x00000000a2a00000| Untracked 
|  13|0x00000000a2b00000, 0x00000000a2bc3948, 0x00000000a2c00000| 76%| S|CS|TAMS 0x00000000a2b00000| PB 0x00000000a2b00000| Complete 
|  14|0x00000000a2c00000, 0x00000000a2c00000, 0x00000000a2d00000|  0%| F|  |TAMS 0x00000000a2c00000| PB 0x00000000a2c00000| Untracked 
|  15|0x00000000a2d00000, 0x00000000a2d00000, 0x00000000a2e00000|  0%| F|  |TAMS 0x00000000a2d00000| PB 0x00000000a2d00000| Untracked 
|  16|0x00000000a2e00000, 0x00000000a2e00000, 0x00000000a2f00000|  0%| F|  |TAMS 0x00000000a2e00000| PB 0x00000000a2e00000| Untracked 
|  17|0x00000000a2f00000, 0x00000000a2f00000, 0x00000000a3000000|  0%| F|  |TAMS 0x00000000a2f00000| PB 0x00000000a2f00000| Untracked 
|  18|0x00000000a3000000, 0x00000000a3000000, 0x00000000a3100000|  0%| F|  |TAMS 0x00000000a3000000| PB 0x00000000a3000000| Untracked 
|  19|0x00000000a3100000, 0x00000000a3100000, 0x00000000a3200000|  0%| F|  |TAMS 0x00000000a3100000| PB 0x00000000a3100000| Untracked 
|  20|0x00000000a3200000, 0x00000000a3200000, 0x00000000a3300000|  0%| F|  |TAMS 0x00000000a3200000| PB 0x00000000a3200000| Untracked 
|  21|0x00000000a3300000, 0x00000000a3300000, 0x00000000a3400000|  0%| F|  |TAMS 0x00000000a3300000| PB 0x00000000a3300000| Untracked 
|  22|0x00000000a3400000, 0x00000000a3400000, 0x00000000a3500000|  0%| F|  |TAMS 0x00000000a3400000| PB 0x00000000a3400000| Untracked 
|  23|0x00000000a3500000, 0x00000000a3500000, 0x00000000a3600000|  0%| F|  |TAMS 0x00000000a3500000| PB 0x00000000a3500000| Untracked 
|  24|0x00000000a3600000, 0x00000000a3600000, 0x00000000a3700000|  0%| F|  |TAMS 0x00000000a3600000| PB 0x00000000a3600000| Untracked 
|  25|0x00000000a3700000, 0x00000000a3700000, 0x00000000a3800000|  0%| F|  |TAMS 0x00000000a3700000| PB 0x00000000a3700000| Untracked 
|  80|0x00000000a6e00000, 0x00000000a6e00000, 0x00000000a6f00000|  0%| F|  |TAMS 0x00000000a6e00000| PB 0x00000000a6e00000| Untracked 
|  81|0x00000000a6f00000, 0x00000000a6f00000, 0x00000000a7000000|  0%| F|  |TAMS 0x00000000a6f00000| PB 0x00000000a6f00000| Untracked 
|  95|0x00000000a7d00000, 0x00000000a7deb300, 0x00000000a7e00000| 91%| E|  |TAMS 0x00000000a7d00000| PB 0x00000000a7d00000| Complete 

Card table byte_map: [0x00000190644d0000,0x00000190647d0000] _byte_map_base: 0x0000019063fc1000

Marking Bits: (CMBitMap*) 0x0000019051d83a70
 Bits: [0x00000190647d0000, 0x0000019065f58000)

Polling page: 0x000001904fbe0000

Metaspace:

Usage:
  Non-class:     37.57 MB used.
      Class:      4.15 MB used.
       Both:     41.71 MB used.

Virtual space:
  Non-class space:       64.00 MB reserved,      37.81 MB ( 59%) committed,  1 nodes.
      Class space:        1.00 GB reserved,       4.31 MB ( <1%) committed,  1 nodes.
             Both:        1.06 GB reserved,      42.12 MB (  4%) committed. 

Chunk freelists:
   Non-Class:  10.07 MB
       Class:  11.70 MB
        Both:  21.77 MB

MaxMetaspaceSize: unlimited
CompressedClassSpaceSize: 1.00 GB
Initial GC threshold: 21.00 MB
Current GC threshold: 69.81 MB
CDS: off
 - commit_granule_bytes: 65536.
 - commit_granule_words: 8192.
 - virtual_space_node_default_size: 8388608.
 - enlarge_chunks_in_place: 1.
 - use_allocation_guard: 0.


Internal statistics:

num_allocs_failed_limit: 6.
num_arena_births: 626.
num_arena_deaths: 0.
num_vsnodes_births: 2.
num_vsnodes_deaths: 0.
num_space_committed: 674.
num_space_uncommitted: 0.
num_chunks_returned_to_freelist: 6.
num_chunks_taken_from_freelist: 1718.
num_chunk_merges: 6.
num_chunk_splits: 1241.
num_chunks_enlarged: 978.
num_inconsistent_stats: 0.

CodeHeap 'non-profiled nmethods': size=120000Kb used=3909Kb max_used=3909Kb free=116090Kb
 bounds [0x000001905c970000, 0x000001905cd50000, 0x0000019063ea0000]
CodeHeap 'profiled nmethods': size=120000Kb used=13904Kb max_used=13904Kb free=106095Kb
 bounds [0x0000019054ea0000, 0x0000019055c40000, 0x000001905c3d0000]
CodeHeap 'non-nmethods': size=5760Kb used=2534Kb max_used=2569Kb free=3225Kb
 bounds [0x000001905c3d0000, 0x000001905c660000, 0x000001905c970000]
CodeCache: size=245760Kb, used=20347Kb, max_used=20382Kb, free=225410Kb
 total_blobs=8303, nmethods=6683, adapters=1524, full_count=0
Compilation: enabled, stopped_count=0, restarted_count=0

Compilation events (20 events):
Event: 56.139 Thread 0x0000019068b914e0 nmethod 6887 0x00000190550e4c90 code [0x00000190550e4e40, 0x00000190550e4f58]
Event: 56.155 Thread 0x0000019068b914e0 6888       3       androidx.compose.ui.graphics.layer.GraphicsLayer::setShadowElevation (48 bytes)
Event: 56.156 Thread 0x0000019068b914e0 nmethod 6888 0x0000019055bfc490 code [0x0000019055bfc6a0, 0x0000019055bfcbf8]
Event: 56.187 Thread 0x0000019068b914e0 6889       3       androidx.compose.material3.SurfaceKt::Surface-o_FOJdg (499 bytes)
Event: 56.195 Thread 0x0000019068b914e0 nmethod 6889 0x0000019055bfce90 code [0x0000019055bfd580, 0x0000019055c00ff0]
Event: 56.219 Thread 0x0000019068b914e0 6891   !   3       java.awt.Container::getMouseEventTargetImpl (255 bytes)
Event: 56.221 Thread 0x0000019068b914e0 nmethod 6891 0x0000019055c03010 code [0x0000019055c032e0, 0x0000019055c04510]
Event: 56.221 Thread 0x0000019068b914e0 6890       3       java.awt.Container::getMouseEventTarget (50 bytes)
Event: 56.222 Thread 0x0000019068b914e0 nmethod 6890 0x0000019054f43f90 code [0x0000019054f44140, 0x0000019054f443e8]
Event: 56.222 Thread 0x0000019068b914e0 6892       3       androidx.compose.ui.node.DepthSortedSetsForDifferentPasses::add (157 bytes)
Event: 56.224 Thread 0x0000019068b914e0 nmethod 6892 0x0000019055c04b90 code [0x0000019055c04f00, 0x0000019055c05e68]
Event: 56.224 Thread 0x0000019068b914e0 6893       3       androidx.compose.ui.spatial.RectList::clearUpdated (53 bytes)
Event: 56.224 Thread 0x0000019068b914e0 nmethod 6893 0x00000190550e5b90 code [0x00000190550e5d40, 0x00000190550e5f68]
Event: 56.326 Thread 0x0000019068b90a40 6894   !   4       kotlinx.coroutines.flow.StateFlowImpl::collect (534 bytes)
Event: 56.370 Thread 0x0000019068b914e0 6895       3       androidx.compose.material3.ButtonDefaults::buttonElevation-R_JCAzs (137 bytes)
Event: 56.372 Thread 0x0000019068b914e0 nmethod 6895 0x0000019055c06490 code [0x0000019055c06780, 0x0000019055c074e8]
Event: 56.449 Thread 0x0000019068b914e0 6896   !   3       kotlinx.coroutines.flow.SharedFlowImpl::awaitValue (166 bytes)
Event: 56.454 Thread 0x0000019068b914e0 nmethod 6896 0x0000019055c07a90 code [0x0000019055c07e80, 0x0000019055c097d0]
Event: 56.456 Thread 0x0000019068b914e0 6897       3       kotlinx.coroutines.JobSupport::toCancellationException (51 bytes)
Event: 56.457 Thread 0x0000019068b914e0 nmethod 6897 0x0000019055c0a290 code [0x0000019055c0a480, 0x0000019055c0a9e8]

GC Heap History (20 events):
Event: 1.659 GC heap before
{Heap before GC invocations=1 (full 0):
 garbage-first heap   total 98304K, used 17685K [0x00000000a1e00000, 0x0000000100000000)
  region size 1024K, 17 young (17408K), 3 survivors (3072K)
 Metaspace       used 21272K, committed 21504K, reserved 1114112K
  class space    used 2125K, committed 2240K, reserved 1048576K
}
Event: 1.663 GC heap after
{Heap after GC invocations=2 (full 0):
 garbage-first heap   total 98304K, used 6367K [0x00000000a1e00000, 0x0000000100000000)
  region size 1024K, 2 young (2048K), 2 survivors (2048K)
 Metaspace       used 21272K, committed 21504K, reserved 1114112K
  class space    used 2125K, committed 2240K, reserved 1048576K
}
Event: 2.575 GC heap before
{Heap before GC invocations=3 (full 0):
 garbage-first heap   total 27648K, used 25823K [0x00000000a1e00000, 0x0000000100000000)
  region size 1024K, 21 young (21504K), 2 survivors (2048K)
 Metaspace       used 26116K, committed 26432K, reserved 1114112K
  class space    used 2600K, committed 2752K, reserved 1048576K
}
Event: 2.577 GC heap after
{Heap after GC invocations=4 (full 0):
 garbage-first heap   total 29696K, used 7105K [0x00000000a1e00000, 0x0000000100000000)
  region size 1024K, 2 young (2048K), 2 survivors (2048K)
 Metaspace       used 26116K, committed 26432K, reserved 1114112K
  class space    used 2600K, committed 2752K, reserved 1048576K
}
Event: 3.530 GC heap before
{Heap before GC invocations=4 (full 0):
 garbage-first heap   total 29696K, used 22465K [0x00000000a1e00000, 0x0000000100000000)
  region size 1024K, 17 young (17408K), 2 survivors (2048K)
 Metaspace       used 27772K, committed 27968K, reserved 1114112K
  class space    used 2780K, committed 2880K, reserved 1048576K
}
Event: 3.534 GC heap after
{Heap after GC invocations=5 (full 0):
 garbage-first heap   total 29696K, used 7275K [0x00000000a1e00000, 0x0000000100000000)
  region size 1024K, 2 young (2048K), 2 survivors (2048K)
 Metaspace       used 27772K, committed 27968K, reserved 1114112K
  class space    used 2780K, committed 2880K, reserved 1048576K
}
Event: 4.341 GC heap before
{Heap before GC invocations=5 (full 0):
 garbage-first heap   total 29696K, used 21611K [0x00000000a1e00000, 0x0000000100000000)
  region size 1024K, 17 young (17408K), 2 survivors (2048K)
 Metaspace       used 31626K, committed 31936K, reserved 1114112K
  class space    used 3179K, committed 3328K, reserved 1048576K
}
Event: 4.343 GC heap after
{Heap after GC invocations=6 (full 0):
 garbage-first heap   total 29696K, used 7779K [0x00000000a1e00000, 0x0000000100000000)
  region size 1024K, 2 young (2048K), 2 survivors (2048K)
 Metaspace       used 31626K, committed 31936K, reserved 1114112K
  class space    used 3179K, committed 3328K, reserved 1048576K
}
Event: 5.059 GC heap before
{Heap before GC invocations=6 (full 0):
 garbage-first heap   total 29696K, used 23139K [0x00000000a1e00000, 0x0000000100000000)
  region size 1024K, 17 young (17408K), 2 survivors (2048K)
 Metaspace       used 35473K, committed 35904K, reserved 1114112K
  class space    used 3663K, committed 3840K, reserved 1048576K
}
Event: 5.062 GC heap after
{Heap after GC invocations=7 (full 0):
 garbage-first heap   total 29696K, used 8748K [0x00000000a1e00000, 0x0000000100000000)
  region size 1024K, 2 young (2048K), 2 survivors (2048K)
 Metaspace       used 35473K, committed 35904K, reserved 1114112K
  class space    used 3663K, committed 3840K, reserved 1048576K
}
Event: 5.074 GC heap before
{Heap before GC invocations=7 (full 0):
 garbage-first heap   total 29696K, used 8748K [0x00000000a1e00000, 0x0000000100000000)
  region size 1024K, 3 young (3072K), 2 survivors (2048K)
 Metaspace       used 35553K, committed 35968K, reserved 1114112K
  class space    used 3677K, committed 3840K, reserved 1048576K
}
Event: 5.076 GC heap after
{Heap after GC invocations=8 (full 0):
 garbage-first heap   total 29696K, used 8745K [0x00000000a1e00000, 0x0000000100000000)
  region size 1024K, 2 young (2048K), 2 survivors (2048K)
 Metaspace       used 35553K, committed 35968K, reserved 1114112K
  class space    used 3677K, committed 3840K, reserved 1048576K
}
Event: 12.206 GC heap before
{Heap before GC invocations=9 (full 0):
 garbage-first heap   total 29696K, used 26153K [0x00000000a1e00000, 0x0000000100000000)
  region size 1024K, 17 young (17408K), 2 survivors (2048K)
 Metaspace       used 40267K, committed 40640K, reserved 1114112K
  class space    used 4087K, committed 4224K, reserved 1048576K
}
Event: 12.209 GC heap after
{Heap after GC invocations=10 (full 0):
 garbage-first heap   total 29696K, used 11447K [0x00000000a1e00000, 0x0000000100000000)
  region size 1024K, 3 young (3072K), 3 survivors (3072K)
 Metaspace       used 40267K, committed 40640K, reserved 1114112K
  class space    used 4087K, committed 4224K, reserved 1048576K
}
Event: 18.582 GC heap before
{Heap before GC invocations=10 (full 0):
 garbage-first heap   total 29696K, used 25783K [0x00000000a1e00000, 0x0000000100000000)
  region size 1024K, 17 young (17408K), 3 survivors (3072K)
 Metaspace       used 41375K, committed 41792K, reserved 1114112K
  class space    used 4151K, committed 4288K, reserved 1048576K
}
Event: 18.586 GC heap after
{Heap after GC invocations=11 (full 0):
 garbage-first heap   total 29696K, used 11763K [0x00000000a1e00000, 0x0000000100000000)
  region size 1024K, 2 young (2048K), 2 survivors (2048K)
 Metaspace       used 41375K, committed 41792K, reserved 1114112K
  class space    used 4151K, committed 4288K, reserved 1048576K
}
Event: 24.550 GC heap before
{Heap before GC invocations=11 (full 0):
 garbage-first heap   total 29696K, used 26099K [0x00000000a1e00000, 0x0000000100000000)
  region size 1024K, 16 young (16384K), 2 survivors (2048K)
 Metaspace       used 42265K, committed 42752K, reserved 1114112K
  class space    used 4221K, committed 4416K, reserved 1048576K
}
Event: 24.554 GC heap after
{Heap after GC invocations=12 (full 0):
 garbage-first heap   total 29696K, used 11950K [0x00000000a1e00000, 0x0000000100000000)
  region size 1024K, 2 young (2048K), 2 survivors (2048K)
 Metaspace       used 42265K, committed 42752K, reserved 1114112K
  class space    used 4221K, committed 4416K, reserved 1048576K
}
Event: 31.539 GC heap before
{Heap before GC invocations=12 (full 0):
 garbage-first heap   total 29696K, used 23214K [0x00000000a1e00000, 0x0000000100000000)
  region size 1024K, 14 young (14336K), 2 survivors (2048K)
 Metaspace       used 42394K, committed 42880K, reserved 1114112K
  class space    used 4221K, committed 4416K, reserved 1048576K
}
Event: 31.664 GC heap after
{Heap after GC invocations=13 (full 1):
 garbage-first heap   total 29696K, used 11111K [0x00000000a1e00000, 0x0000000100000000)
  region size 1024K, 0 young (0K), 0 survivors (0K)
 Metaspace       used 42394K, committed 42880K, reserved 1114112K
  class space    used 4221K, committed 4416K, reserved 1048576K
}

Dll operation events (2 events):
Event: 0.027 Loaded shared library C:\Program Files\Android\Android Studio\jbr\bin\java.dll
Event: 0.037 Loaded shared library C:\Program Files\Android\Android Studio\jbr\bin\zip.dll

Deoptimization events (20 events):
Event: 52.648 Thread 0x000001906d4b16d0 Uncommon trap: trap_request=0xffffffde fr.pc=0x000001905cbaec40 relative=0x00000000000000a0
Event: 52.648 Thread 0x000001906d4b16d0 Uncommon trap: reason=class_check action=maybe_recompile pc=0x000001905cbaec40 method=sun.awt.SunToolkit.getAppContext(Ljava/lang/Object;)Lsun/awt/AppContext; @ 11 c2
Event: 52.648 Thread 0x000001906d4b16d0 DEOPT PACKING pc=0x000001905cbaec40 sp=0x000000723ecfdfb0
Event: 52.648 Thread 0x000001906d4b16d0 DEOPT UNPACKING pc=0x000001905c4243a2 sp=0x000000723ecfdf40 mode 2
Event: 52.691 Thread 0x000001906d4b16d0 Uncommon trap: trap_request=0xffffff45 fr.pc=0x000001905cb5c9ac relative=0x000000000000294c
Event: 52.691 Thread 0x000001906d4b16d0 Uncommon trap: reason=unstable_if action=reinterpret pc=0x000001905cb5c9ac method=java.awt.EventQueue.getPriority(Ljava/awt/AWTEvent;)I @ 4 c2
Event: 52.691 Thread 0x000001906d4b16d0 DEOPT PACKING pc=0x000001905cb5c9ac sp=0x000000723ecfe3c0
Event: 52.691 Thread 0x000001906d4b16d0 DEOPT UNPACKING pc=0x000001905c4243a2 sp=0x000000723ecfe128 mode 2
Event: 55.062 Thread 0x000001906d4b16d0 Uncommon trap: trap_request=0xffffff6e fr.pc=0x000001905cc6c078 relative=0x00000000000008f8
Event: 55.062 Thread 0x000001906d4b16d0 Uncommon trap: reason=loop_limit_check action=maybe_recompile pc=0x000001905cc6c078 method=androidx.compose.runtime.snapshots.SnapshotStateObserver$ObservedScopeMap.recordRead(Ljava/lang/Object;ILjava/lang/Object;Landroidx/collection/MutableObjectIntMap;)
Event: 55.062 Thread 0x000001906d4b16d0 DEOPT PACKING pc=0x000001905cc6c078 sp=0x000000723ecfe020
Event: 55.062 Thread 0x000001906d4b16d0 DEOPT UNPACKING pc=0x000001905c4243a2 sp=0x000000723ecfdf68 mode 2
Event: 55.780 Thread 0x000001906d4b16d0 Uncommon trap: trap_request=0xffffff45 fr.pc=0x000001905cd27794 relative=0x0000000000000094
Event: 55.780 Thread 0x000001906d4b16d0 Uncommon trap: reason=unstable_if action=reinterpret pc=0x000001905cd27794 method=androidx.compose.ui.node.RootNodeOwner$OwnedLayerManagerImpl.notifyLayerIsDirty(Landroidx/compose/ui/node/OwnedLayer;Z)V @ 14 c2
Event: 55.780 Thread 0x000001906d4b16d0 DEOPT PACKING pc=0x000001905cd27794 sp=0x000000723ecfd620
Event: 55.780 Thread 0x000001906d4b16d0 DEOPT UNPACKING pc=0x000001905c4243a2 sp=0x000000723ecfd580 mode 2
Event: 55.789 Thread 0x000001906d4b16d0 Uncommon trap: trap_request=0xffffff45 fr.pc=0x000001905cc39794 relative=0x0000000000001914
Event: 55.789 Thread 0x000001906d4b16d0 Uncommon trap: reason=unstable_if action=reinterpret pc=0x000001905cc39794 method=androidx.compose.runtime.CompositionImpl.addPendingInvalidationsLocked(Ljava/util/Set;Z)V @ 1747 c2
Event: 55.789 Thread 0x000001906d4b16d0 DEOPT PACKING pc=0x000001905cc39794 sp=0x000000723ecfedb0
Event: 55.789 Thread 0x000001906d4b16d0 DEOPT UNPACKING pc=0x000001905c4243a2 sp=0x000000723ecfec88 mode 2

Classes loaded (20 events):
Event: 8.611 Loading class java/awt/Container$EventTargetFilter done
Event: 8.611 Loading class java/awt/Container$MouseEventTargetFilter done
Event: 8.611 Loading class java/awt/LightweightDispatcher$1
Event: 8.611 Loading class java/awt/LightweightDispatcher$1 done
Event: 8.611 Loading class java/awt/event/AWTEventListenerProxy
Event: 8.611 Loading class java/awt/event/AWTEventListenerProxy done
Event: 8.611 Loading class java/awt/Toolkit$SelectiveAWTEventListener
Event: 8.611 Loading class java/awt/Toolkit$SelectiveAWTEventListener done
Event: 8.611 Loading class java/awt/Toolkit$ToolkitEventMulticaster
Event: 8.611 Loading class java/awt/Toolkit$ToolkitEventMulticaster done
Event: 12.111 Loading class java/util/ArrayList$ListItr
Event: 12.111 Loading class java/util/ArrayList$ListItr done
Event: 12.148 Loading class java/lang/FdLibm$Hypot
Event: 12.148 Loading class java/lang/FdLibm$Hypot done
Event: 13.571 Loading class java/security/DomainCombiner
Event: 13.571 Loading class java/security/DomainCombiner done
Event: 21.952 Loading class java/util/DualPivotQuicksort
Event: 21.954 Loading class java/util/DualPivotQuicksort done
Event: 22.158 Loading class java/lang/FdLibm$Acos
Event: 22.158 Loading class java/lang/FdLibm$Acos done

Classes unloaded (0 events):
No events

Classes redefined (0 events):
No events

Internal exceptions (20 events):
Event: 5.035 Thread 0x000001906d4b16d0 Exception <a 'java/lang/NoSuchMethodError'{0x00000000a2c8ab68}: 'java.lang.Object java.lang.invoke.DirectMethodHandle$Holder.invokeSpecial(java.lang.Object, java.lang.Object, int, java.lang.Object, int)'> (0x00000000a2c8ab68) 
thrown [s\src\hotspot\share\interpreter\linkResolver.cpp, line 784]
Event: 5.050 Thread 0x000001906d4b16d0 Exception <a 'java/lang/NoSuchMethodError'{0x00000000a2ca7c48}: 'java.lang.Object java.lang.invoke.DirectMethodHandle$Holder.newInvokeSpecial(java.lang.Object, java.lang.Object, java.lang.Object, int, int, java.lang.Object, java.lang.Object)'> (0x00000000a2ca7c48) 
thrown [s\src\hotspot\share\interpreter\linkResolver.cpp, line 784]
Event: 5.050 Thread 0x000001906d4b16d0 Exception <a 'java/lang/NoSuchMethodError'{0x00000000a2cac508}: 'java.lang.Object java.lang.invoke.DirectMethodHandle$Holder.invokeSpecial(java.lang.Object, java.lang.Object, java.lang.Object, java.lang.Object, int, int, java.lang.Object, java.lang.Object)'> (0x00000000a2cac508) 
thrown [s\src\hotspot\share\interpreter\linkResolver.cpp, line 784]
Event: 5.051 Thread 0x000001906d4b16d0 Exception <a 'java/lang/NoSuchMethodError'{0x00000000a2cb3920}: 'java.lang.Object java.lang.invoke.DirectMethodHandle$Holder.invokeStatic(java.lang.Object, java.lang.Object, int, java.lang.Object, java.lang.Object)'> (0x00000000a2cb3920) 
thrown [s\src\hotspot\share\interpreter\linkResolver.cpp, line 784]
Event: 5.051 Thread 0x000001906d4b16d0 Exception <a 'java/lang/NoSuchMethodError'{0x00000000a2cbb008}: 'java.lang.Object java.lang.invoke.DirectMethodHandle$Holder.newInvokeSpecial(java.lang.Object, java.lang.Object, int, java.lang.Object)'> (0x00000000a2cbb008) 
thrown [s\src\hotspot\share\interpreter\linkResolver.cpp, line 784]
Event: 5.051 Thread 0x000001906d4b16d0 Exception <a 'java/lang/NoSuchMethodError'{0x00000000a2cbf688}: 'java.lang.Object java.lang.invoke.DirectMethodHandle$Holder.invokeSpecial(java.lang.Object, java.lang.Object, java.lang.Object, int, java.lang.Object)'> (0x00000000a2cbf688) 
thrown [s\src\hotspot\share\interpreter\linkResolver.cpp, line 784]
Event: 5.051 Thread 0x000001906d4b16d0 Exception <a 'java/lang/NoSuchMethodError'{0x00000000a2cc3600}: 'java.lang.Object java.lang.invoke.Invokers$Holder.linkToTargetMethod(java.lang.Object, int, java.lang.Object, java.lang.Object)'> (0x00000000a2cc3600) 
thrown [s\src\hotspot\share\interpreter\linkResolver.cpp, line 784]
Event: 5.064 Thread 0x000001906d4b16d0 Exception <a 'java/lang/NoSuchMethodError'{0x00000000a7d05e38}: 'java.lang.Object java.lang.invoke.DirectMethodHandle$Holder.invokeStatic(java.lang.Object, java.lang.Object, java.lang.Object, int, int, java.lang.Object)'> (0x00000000a7d05e38) 
thrown [s\src\hotspot\share\interpreter\linkResolver.cpp, line 784]
Event: 5.064 Thread 0x000001906d4b16d0 Exception <a 'java/lang/NoSuchMethodError'{0x00000000a7d0e0b8}: 'java.lang.Object java.lang.invoke.DirectMethodHandle$Holder.invokeStatic(java.lang.Object, java.lang.Object, java.lang.Object, long, java.lang.Object)'> (0x00000000a7d0e0b8) 
thrown [s\src\hotspot\share\interpreter\linkResolver.cpp, line 784]
Event: 5.068 Thread 0x000001906d4b16d0 Exception <a 'java/lang/NoSuchMethodError'{0x00000000a7d2fbb8}: 'java.lang.Object java.lang.invoke.DirectMethodHandle$Holder.invokeStatic(java.lang.Object, java.lang.Object, long, long, java.lang.Object)'> (0x00000000a7d2fbb8) 
thrown [s\src\hotspot\share\interpreter\linkResolver.cpp, line 784]
Event: 5.122 Thread 0x000001906d4b16d0 Exception <a 'java/lang/NoSuchMethodError'{0x00000000a7da5660}: 'java.lang.Object java.lang.invoke.DirectMethodHandle$Holder.newInvokeSpecial(java.lang.Object, java.lang.Object, java.lang.Object, java.lang.Object, long, java.lang.Object)'> (0x00000000a7da5660) 
thrown [s\src\hotspot\share\interpreter\linkResolver.cpp, line 784]
Event: 5.122 Thread 0x000001906d4b16d0 Exception <a 'java/lang/NoSuchMethodError'{0x00000000a7da9c48}: 'java.lang.Object java.lang.invoke.DirectMethodHandle$Holder.invokeSpecial(java.lang.Object, java.lang.Object, java.lang.Object, java.lang.Object, java.lang.Object, long, java.lang.Object)'> (0x00000000a7da9c48) 
thrown [s\src\hotspot\share\interpreter\linkResolver.cpp, line 784]
Event: 5.559 Thread 0x000001906d4b16d0 Exception <a 'java/lang/NoSuchMethodError'{0x00000000a37e6750}: 'java.lang.Object java.lang.invoke.Invokers$Holder.invoke_MT(java.lang.Object, java.lang.Object, java.lang.Object, java.lang.Object, java.lang.Object, java.lang.Object, java.lang.Object, java.lang.Object, java.lang.Object, java.lang.Object)'> (0x00000000a37e6750) 
thrown [s\src\hotspot\share\interpreter\linkResolver.cpp, line 784]
Event: 12.139 Thread 0x000001906d4b16d0 Exception <a 'java/lang/NoSuchMethodError'{0x00000000a2c871a0}: 'java.lang.Object java.lang.invoke.DirectMethodHandle$Holder.invokeStatic(java.lang.Object, java.lang.Object, int, java.lang.Object)'> (0x00000000a2c871a0) 
thrown [s\src\hotspot\share\interpreter\linkResolver.cpp, line 784]
Event: 12.230 Thread 0x000001906d4b16d0 Exception <a 'java/lang/NoSuchMethodError'{0x00000000a7da54b0}: 'java.lang.Object java.lang.invoke.DirectMethodHandle$Holder.invokeStatic(java.lang.Object, float, java.lang.Object)'> (0x00000000a7da54b0) 
thrown [s\src\hotspot\share\interpreter\linkResolver.cpp, line 784]
Event: 12.230 Thread 0x000001906d4b16d0 Exception <a 'java/lang/NoSuchMethodError'{0x00000000a7dab938}: 'java.lang.Object java.lang.invoke.DirectMethodHandle$Holder.newInvokeSpecial(java.lang.Object, float)'> (0x00000000a7dab938) 
thrown [s\src\hotspot\share\interpreter\linkResolver.cpp, line 784]
Event: 19.683 Thread 0x000001906d4b16d0 Exception <a 'java/lang/NoSuchMethodError'{0x00000000a6e69148}: 'java.lang.Object java.lang.invoke.DirectMethodHandle$Holder.newInvokeSpecial(java.lang.Object, java.lang.Object, java.lang.Object, java.lang.Object, int, java.lang.Object)'> (0x00000000a6e69148) 
thrown [s\src\hotspot\share\interpreter\linkResolver.cpp, line 784]
Event: 21.912 Thread 0x000001906d4b16d0 Exception <a 'java/lang/NoSuchMethodError'{0x00000000a32f25a0}: 'java.lang.Object java.lang.invoke.DirectMethodHandle$Holder.newInvokeSpecial(java.lang.Object, long, int)'> (0x00000000a32f25a0) 
thrown [s\src\hotspot\share\interpreter\linkResolver.cpp, line 784]
Event: 21.913 Thread 0x000001906d4b16d0 Exception <a 'java/lang/NoSuchMethodError'{0x00000000a32f6700}: 'java.lang.Object java.lang.invoke.DirectMethodHandle$Holder.invokeSpecial(java.lang.Object, java.lang.Object, long, int)'> (0x00000000a32f6700) 
thrown [s\src\hotspot\share\interpreter\linkResolver.cpp, line 784]
Event: 21.916 Thread 0x000001906d4b16d0 Exception <a 'java/lang/NoSuchMethodError'{0x00000000a3105960}: 'java.lang.Object java.lang.invoke.DirectMethodHandle$Holder.invokeStaticInit(java.lang.Object, java.lang.Object, java.lang.Object, java.lang.Object)'> (0x00000000a3105960) 
thrown [s\src\hotspot\share\interpreter\linkResolver.cpp, line 784]

ZGC Phase Switch (0 events):
No events

VM Operations (20 events):
Event: 36.692 Executing VM operation: Cleanup
Event: 36.692 Executing VM operation: Cleanup done
Event: 38.708 Executing VM operation: Cleanup
Event: 38.708 Executing VM operation: Cleanup done
Event: 40.722 Executing VM operation: Cleanup
Event: 40.723 Executing VM operation: Cleanup done
Event: 41.731 Executing VM operation: Cleanup
Event: 41.731 Executing VM operation: Cleanup done
Event: 42.811 Executing VM operation: Cleanup
Event: 42.811 Executing VM operation: Cleanup done
Event: 45.821 Executing VM operation: Cleanup
Event: 45.821 Executing VM operation: Cleanup done
Event: 47.839 Executing VM operation: Cleanup
Event: 47.839 Executing VM operation: Cleanup done
Event: 52.876 Executing VM operation: Cleanup
Event: 52.876 Executing VM operation: Cleanup done
Event: 54.896 Executing VM operation: Cleanup
Event: 54.896 Executing VM operation: Cleanup done
Event: 55.907 Executing VM operation: Cleanup
Event: 55.907 Executing VM operation: Cleanup done

Memory protections (0 events):
No events

Nmethod flushes (20 events):
Event: 31.641 Thread 0x0000019068984180 flushing  nmethod 0x00000190550df910
Event: 31.641 Thread 0x0000019068984180 flushing  nmethod 0x00000190550e3d90
Event: 31.641 Thread 0x0000019068984180 flushing  nmethod 0x00000190550e4490
Event: 31.641 Thread 0x0000019068984180 flushing  nmethod 0x00000190550f0810
Event: 31.641 Thread 0x0000019068984180 flushing  nmethod 0x00000190550f4410
Event: 31.641 Thread 0x0000019068984180 flushing  nmethod 0x00000190550f5710
Event: 31.641 Thread 0x0000019068984180 flushing  nmethod 0x00000190550f6190
Event: 31.641 Thread 0x0000019068984180 flushing  nmethod 0x00000190550f7690
Event: 31.641 Thread 0x0000019068984180 flushing  nmethod 0x00000190550fc910
Event: 31.641 Thread 0x0000019068984180 flushing  nmethod 0x00000190550fd110
Event: 31.641 Thread 0x0000019068984180 flushing  nmethod 0x0000019055102e10
Event: 31.641 Thread 0x0000019068984180 flushing  nmethod 0x0000019055113590
Event: 31.641 Thread 0x0000019068984180 flushing  nmethod 0x0000019055114310
Event: 31.641 Thread 0x0000019068984180 flushing  nmethod 0x0000019055115f90
Event: 31.641 Thread 0x0000019068984180 flushing  nmethod 0x000001905511b290
Event: 31.641 Thread 0x0000019068984180 flushing  nmethod 0x0000019055137690
Event: 31.641 Thread 0x0000019068984180 flushing  nmethod 0x00000190551e0690
Event: 31.641 Thread 0x0000019068984180 flushing  nmethod 0x000001905521f590
Event: 31.641 Thread 0x0000019068984180 flushing  nmethod 0x000001905522cf10
Event: 31.641 Thread 0x0000019068984180 flushing  nmethod 0x00000190552cdd90

Events (20 events):
Event: 0.327 Loaded shared library C:\Program Files\Android\Android Studio\jbr\bin\net.dll
Event: 0.330 Loaded shared library C:\Program Files\Android\Android Studio\jbr\bin\nio.dll
Event: 0.340 Loaded shared library C:\Program Files\Android\Android Studio\jbr\bin\zip.dll
Event: 0.574 Loaded shared library C:\Program Files\Android\Android Studio\jbr\bin\jimage.dll
Event: 0.589 Loaded shared library C:\Program Files\Android\Android Studio\jbr\bin\awt.dll
Event: 0.697 Thread 0x0000019051d3f950 Thread added: 0x000001906d3c33d0
Event: 0.698 Thread 0x0000019051d3f950 Thread added: 0x000001906d3c67e0
Event: 0.700 Thread 0x0000019051d3f950 Thread added: 0x000001906d3c8880
Event: 0.725 Thread 0x0000019051d3f950 Thread added: 0x000001906d4b16d0
Event: 1.387 Thread 0x000001906d4b16d0 Thread added: 0x000001906e861700
Event: 1.467 Loaded shared library C:\Users\Incognitus\.skiko\f6915133061fc00b6d51b8a8277c696dc6313532609dfa23c4c3bec1fc2ee178\skiko-windows-x64.dll
Event: 1.481 Thread 0x000001906d4b16d0 Thread added: 0x000001906e9f0a40
Event: 1.481 Thread 0x000001906d4b16d0 Thread added: 0x000001906e99d090
Event: 1.482 Thread 0x000001906e9f0a40 Thread added: 0x000001906e99bce0
Event: 1.489 Thread 0x000001906e9f0a40 Thread added: 0x000001906e99ead0
Event: 1.494 Thread 0x000001906d4b16d0 Thread added: 0x000001906e99e440
Event: 2.068 Loaded shared library C:\Program Files\Android\Android Studio\jbr\bin\freetype.dll
Event: 2.071 Loaded shared library C:\Program Files\Android\Android Studio\jbr\bin\fontmanager.dll
Event: 5.540 Thread 0x000001906d4b16d0 Thread added: 0x000001906e99f160
Event: 40.088 Thread 0x000001906d4b16d0 Thread added: 0x0000019018990c40


Dynamic libraries:
0x00007ff6a63a0000 - 0x00007ff6a63aa000 	C:\Program Files\Android\Android Studio\jbr\bin\java.exe
0x00007ffd5fd50000 - 0x00007ffd5ff48000 	C:\Windows\SYSTEM32\ntdll.dll
0x00007ffd5ef00000 - 0x00007ffd5efc1000 	C:\Windows\System32\KERNEL32.DLL
0x00007ffd5d400000 - 0x00007ffd5d6fd000 	C:\Windows\System32\KERNELBASE.dll
0x00007ffd5d890000 - 0x00007ffd5d990000 	C:\Windows\System32\ucrtbase.dll
0x00007ffd46190000 - 0x00007ffd461ab000 	C:\Program Files\Android\Android Studio\jbr\bin\VCRUNTIME140.dll
0x00007ffd2b1f0000 - 0x00007ffd2b208000 	C:\Program Files\Android\Android Studio\jbr\bin\jli.dll
0x00007ffd5f080000 - 0x00007ffd5f21d000 	C:\Windows\System32\USER32.dll
0x00007ffd5da70000 - 0x00007ffd5da92000 	C:\Windows\System32\win32u.dll
0x00007ffd5f030000 - 0x00007ffd5f05b000 	C:\Windows\System32\GDI32.dll
0x00007ffd5d700000 - 0x00007ffd5d817000 	C:\Windows\System32\gdi32full.dll
0x00007ffd5daa0000 - 0x00007ffd5db3d000 	C:\Windows\System32\msvcp_win.dll
0x00007ffd46c10000 - 0x00007ffd46eaa000 	C:\Windows\WinSxS\amd64_microsoft.windows.common-controls_6595b64144ccf1df_6.0.19041.4355_none_60b8b9eb71f62e16\COMCTL32.dll
0x00007ffd5edb0000 - 0x00007ffd5ee4e000 	C:\Windows\System32\msvcrt.dll
0x00007ffd5fa90000 - 0x00007ffd5fabf000 	C:\Windows\System32\IMM32.DLL
0x00007ffd47490000 - 0x00007ffd4749c000 	C:\Program Files\Android\Android Studio\jbr\bin\vcruntime140_1.dll
0x00007ffce3c70000 - 0x00007ffce3cfd000 	C:\Program Files\Android\Android Studio\jbr\bin\msvcp140.dll
0x00007ffd25f30000 - 0x00007ffd26bc6000 	C:\Program Files\Android\Android Studio\jbr\bin\server\jvm.dll
0x00007ffd5ee50000 - 0x00007ffd5ef00000 	C:\Windows\System32\ADVAPI32.dll
0x00007ffd5ed10000 - 0x00007ffd5edb0000 	C:\Windows\System32\sechost.dll
0x00007ffd5fbe0000 - 0x00007ffd5fd03000 	C:\Windows\System32\RPCRT4.dll
0x00007ffd5db40000 - 0x00007ffd5db67000 	C:\Windows\System32\bcrypt.dll
0x00007ffd5f2f0000 - 0x00007ffd5f35b000 	C:\Windows\System32\WS2_32.dll
0x00007ffd5d260000 - 0x00007ffd5d2ab000 	C:\Windows\SYSTEM32\POWRPROF.dll
0x00007ffd52900000 - 0x00007ffd52927000 	C:\Windows\SYSTEM32\WINMM.dll
0x00007ffd52930000 - 0x00007ffd5293a000 	C:\Windows\SYSTEM32\VERSION.dll
0x00007ffd5d240000 - 0x00007ffd5d252000 	C:\Windows\SYSTEM32\UMPDC.dll
0x00007ffd5b1a0000 - 0x00007ffd5b1b2000 	C:\Windows\SYSTEM32\kernel.appcore.dll
0x00007ffd473f0000 - 0x00007ffd473fa000 	C:\Program Files\Android\Android Studio\jbr\bin\jimage.dll
0x00007ffd52b00000 - 0x00007ffd52ce4000 	C:\Windows\SYSTEM32\DBGHELP.DLL
0x00007ffd47420000 - 0x00007ffd47454000 	C:\Windows\SYSTEM32\dbgcore.DLL
0x00007ffd5d9e0000 - 0x00007ffd5da62000 	C:\Windows\System32\bcryptPrimitives.dll
0x00007ffd45c00000 - 0x00007ffd45c20000 	C:\Program Files\Android\Android Studio\jbr\bin\java.dll
0x00007ffd45be0000 - 0x00007ffd45bf8000 	C:\Program Files\Android\Android Studio\jbr\bin\zip.dll
0x00007ffd5dea0000 - 0x00007ffd5e60f000 	C:\Windows\System32\SHELL32.dll
0x00007ffd5b480000 - 0x00007ffd5bc23000 	C:\Windows\SYSTEM32\windows.storage.dll
0x00007ffd5f730000 - 0x00007ffd5fa83000 	C:\Windows\System32\combase.dll
0x00007ffd5cd60000 - 0x00007ffd5cd8e000 	C:\Windows\SYSTEM32\Wldp.dll
0x00007ffd5f220000 - 0x00007ffd5f2ed000 	C:\Windows\System32\OLEAUT32.dll
0x00007ffd5fb20000 - 0x00007ffd5fbcd000 	C:\Windows\System32\SHCORE.dll
0x00007ffd5efd0000 - 0x00007ffd5f025000 	C:\Windows\System32\shlwapi.dll
0x00007ffd5d330000 - 0x00007ffd5d354000 	C:\Windows\SYSTEM32\profapi.dll
0x00007ffd45c90000 - 0x00007ffd45ca0000 	C:\Program Files\Android\Android Studio\jbr\bin\net.dll
0x00007ffd54eb0000 - 0x00007ffd54fbd000 	C:\Windows\SYSTEM32\WINHTTP.dll
0x00007ffd5cac0000 - 0x00007ffd5cb2a000 	C:\Windows\system32\mswsock.dll
0x00007ffd45880000 - 0x00007ffd45896000 	C:\Program Files\Android\Android Studio\jbr\bin\nio.dll
0x00007ffd25d90000 - 0x00007ffd25f28000 	C:\Program Files\Android\Android Studio\jbr\bin\awt.dll
0x00007ffd456d0000 - 0x00007ffd45714000 	C:\Program Files\Android\Android Studio\jbr\bin\nvdaControllerClient64.dll
0x00007ffd487f0000 - 0x00007ffd48856000 	C:\Windows\SYSTEM32\OLEACC.dll
0x00007ffd5b170000 - 0x00007ffd5b19f000 	C:\Windows\SYSTEM32\dwmapi.dll
0x00007ffd5a9e0000 - 0x00007ffd5aa74000 	C:\Windows\SYSTEM32\apphelp.dll
0x00007ffd5ad90000 - 0x00007ffd5ae2e000 	C:\Windows\system32\uxtheme.dll
0x00007ffd5dd80000 - 0x00007ffd5de95000 	C:\Windows\System32\MSCTF.dll
0x00007ffd5f600000 - 0x00007ffd5f72b000 	C:\Windows\System32\ole32.dll
0x00007ffd58b20000 - 0x00007ffd58b34000 	C:\Windows\system32\Wtsapi32.dll
0x00007ffd5d0c0000 - 0x00007ffd5d11b000 	C:\Windows\SYSTEM32\WINSTA.dll
0x00007ffd48b90000 - 0x00007ffd48cb8000 	C:\Windows\system32\opengl32.dll
0x00007ffd485f0000 - 0x00007ffd4861c000 	C:\Windows\SYSTEM32\GLU32.dll
0x00007ffd1a6c0000 - 0x00007ffd1b413000 	C:\Users\Incognitus\.skiko\f6915133061fc00b6d51b8a8277c696dc6313532609dfa23c4c3bec1fc2ee178\skiko-windows-x64.dll
0x00007ffd586f0000 - 0x00007ffd587e6000 	C:\Windows\SYSTEM32\PROPSYS.dll
0x00007ffd4d6a0000 - 0x00007ffd4d91f000 	C:\Windows\SYSTEM32\dwrite.dll
0x00007ffd398b0000 - 0x00007ffd39a55000 	C:\Windows\WinSxS\amd64_microsoft.windows.gdiplus_6595b64144ccf1df_1.1.19041.4597_none_91a78020cc854124\gdiplus.dll
0x00007ffd3a050000 - 0x00007ffd3a0d7000 	C:\Program Files\Android\Android Studio\jbr\bin\freetype.dll
0x00007ffd25c90000 - 0x00007ffd25d84000 	C:\Program Files\Android\Android Studio\jbr\bin\fontmanager.dll
0x00007ffd5f420000 - 0x00007ffd5f4c9000 	C:\Windows\System32\clbcatq.dll
0x00007ffd5abd0000 - 0x00007ffd5ad86000 	C:\Windows\SYSTEM32\WindowsCodecs.dll
0x00007ffd32810000 - 0x00007ffd3284e000 	C:\Windows\system32\dataexchange.dll
0x00007ffd59c50000 - 0x00007ffd59e34000 	C:\Windows\system32\dcomp.dll
0x00007ffd58c30000 - 0x00007ffd58e93000 	C:\Windows\system32\d3d11.dll
0x00007ffd5bc90000 - 0x00007ffd5bd86000 	C:\Windows\system32\dxgi.dll
0x00007ffd55d10000 - 0x00007ffd55f13000 	C:\Windows\system32\twinapi.appcore.dll
0x00007ffd5a220000 - 0x00007ffd5a227000 	C:\Program Files\Android\Android Studio\jbr\bin\jawt.dll
0x00007ffd099b0000 - 0x00007ffd099d5000 	C:\Windows\SYSTEM32\D3D12.dll
0x00007ffd2d5c0000 - 0x00007ffd2d78d000 	C:\Windows\SYSTEM32\D3D12Core.dll
0x00007ffd53da0000 - 0x00007ffd53ddb000 	C:\Windows\SYSTEM32\dxcore.dll
0x00007ffd5d990000 - 0x00007ffd5d9de000 	C:\Windows\System32\cfgmgr32.dll
0x00007ffccb2a0000 - 0x00007ffccf879000 	C:\Windows\System32\DriverStore\FileRepository\u0197843.inf_amd64_82ec9e2b79afe28f\B025592\amdxc64.dll
0x00007ffd52830000 - 0x00007ffd52865000 	C:\Windows\SYSTEM32\amdihk64.dll
0x00007ffd51710000 - 0x00007ffd5173b000 	C:\Windows\SYSTEM32\D3DSCache.dll
0x00007ffd5d2f0000 - 0x00007ffd5d31e000 	C:\Windows\SYSTEM32\USERENV.dll
0x00007ffd58ea0000 - 0x00007ffd592fd000 	C:\Windows\SYSTEM32\d3dcompiler_47.dll
0x00007ffd5ccb0000 - 0x00007ffd5ccc8000 	C:\Windows\SYSTEM32\CRYPTSP.dll
0x00007ffd4fc30000 - 0x00007ffd4fd29000 	C:\Windows\SYSTEM32\textinputframework.dll
0x00007ffd5a6c0000 - 0x00007ffd5a7b2000 	C:\Windows\System32\CoreMessaging.dll
0x00007ffd5a360000 - 0x00007ffd5a6bb000 	C:\Windows\System32\CoreUIComponents.dll
0x00007ffd5c630000 - 0x00007ffd5c663000 	C:\Windows\SYSTEM32\ntmarta.dll
0x00007ffd59ad0000 - 0x00007ffd59c27000 	C:\Windows\SYSTEM32\wintypes.dll
0x00007ffd1e600000 - 0x00007ffd1e739000 	C:\Windows\SYSTEM32\dxilconv.dll

JVMTI agents: none

dbghelp: loaded successfully - version: 4.0.5 - missing functions: none
symbol engine: initialized successfully - sym options: 0x614 - pdb path: .;C:\Program Files\Android\Android Studio\jbr\bin;C:\Windows\SYSTEM32;C:\Windows\WinSxS\amd64_microsoft.windows.common-controls_6595b64144ccf1df_6.0.19041.4355_none_60b8b9eb71f62e16;C:\Program Files\Android\Android Studio\jbr\bin\server;C:\Users\Incognitus\.skiko\f6915133061fc00b6d51b8a8277c696dc6313532609dfa23c4c3bec1fc2ee178;C:\Windows\WinSxS\amd64_microsoft.windows.gdiplus_6595b64144ccf1df_1.1.19041.4597_none_91a78020cc854124;C:\Windows\System32\DriverStore\FileRepository\u0197843.inf_amd64_82ec9e2b79afe28f\B025592

VM Arguments:
jvm_args: -Dfile.encoding=UTF-8 -Duser.country=UA -Duser.language=uk -Duser.variant 
java_command: com.example.app.MainKt
java_class_path (initial): C:\Education\CHNU\2\CrossPlatform\App\composeApp\build\classes\kotlin\jvm\main;C:\Education\CHNU\2\CrossPlatform\App\composeApp\build\classes\java\jvmMain;C:\Education\CHNU\2\CrossPlatform\App\composeApp\build\processedResources\jvm\main;C:\Users\Incognitus\.gradle\caches\modules-2\files-2.1\org.jetbrains.compose.material3\material3-desktop\1.10.0-alpha05\ebcf3065e9f7d408f8be2854b6542fb1dd51356f\material3-desktop-1.10.0-alpha05.jar;C:\Users\Incognitus\.gradle\caches\modules-2\files-2.1\org.jetbrains.compose.components\components-resources-desktop\1.10.3\c6115b607f77e9d033de360f989850d3824bf112\library-desktop-1.10.3.jar;C:\Users\Incognitus\.gradle\caches\modules-2\files-2.1\org.jetbrains.compose.desktop\desktop-jvm\1.10.3\42facd9840309ac4eb841a986c5d1b97d2780471\desktop-jvm-1.10.3.jar;C:\Users\Incognitus\.gradle\caches\modules-2\files-2.1\org.jetbrains.compose.material\material-desktop\1.10.3\63e1c3c6705d111bf84e41110e7729df5b85163e\material-desktop-1.10.3.jar;C:\Users\Incognitus\.gradle\caches\modules-2\files-2.1\org.jetbrains.compose.material\material-ripple-desktop\1.10.3\74a14824f086339703264689c5a7cf4ceb39ed40\material-ripple-desktop-1.10.3.jar;C:\Users\Incognitus\.gradle\caches\modules-2\files-2.1\org.jetbrains.compose.foundation\foundation-desktop\1.10.3\d9ba57abee3527886ea640d3b390a70ba9e28af\foundation-desktop-1.10.3.jar;C:\Users\Incognitus\.gradle\caches\modules-2\files-2.1\org.jetbrains.androidx.navigation\navigation-compose-desktop\2.9.2\8a217f30d3e7d1b7ac22b250be4d9cc3e847c98d\navigation-compose-desktop-2.9.2.jar;C:\Users\Incognitus\.gradle\caches\modules-2\files-2.1\org.jetbrains.androidx.lifecycle\lifecycle-viewmodel-compose-desktop\2.10.0\a59cd3cec34b5b7519ca3245b0d160dfd12a5891\lifecycle-viewmodel-compose-desktop-2.10.0.jar;C:\Users\Incognitus\.gradle\caches\modules-2\files-2.1\org.jetbrains.compose.material\material-icons-extended-desktop\1.7.3\c7c5465dd754043076875b32bce0dd7f5a354fe8\material-icons-extended-desktop-1.7.3.jar;C:\Users\Incognitus\.gradle\caches\modules-2\files-2.1\org.jetbrains.compose.animation\animation-desktop\1.10.3\52a17b8bd5f608cdb60f01c64eee2830b8484ca7\animation-desktop-1.10.3.jar;C:\Users\Incognitus\.gradle\caches\modules-2\files-2.1\org.jetbrains.compose.foundation\foundation-layout-desktop\1.10.3\149192cb271d4c11905104b9180d5d648b3591f2\foundation-layout-desktop-1.10.3.jar;C:\Users\Incognitus\.gradle\caches\modules-2\files-2.1\org.jetbrains.compose.material\material-icons-core-desktop\1.7.3\414b3096050fe647b0638832eace80f22c06b85c\material-icons-core-desktop-1.7.3.jar;C:\Users\Incognitus\.gradle\caches\modules-2\files-2.1\org.jetbrains.compose.animation\animation-core-desktop\1.10.3\5dd98c5745e548644b7657901bbcc4c2c8f9ec59\animation-core-desktop-1.10.3.jar;C:\Users\Incognitus\.gradle\caches\modules-2\files-2.1\org.jetbrains.compose.ui\ui-desktop\1.10.3\73a6b1e10434fb11bae82daa68c205c71af03c55\ui-desktop-1.10.3.jar;C:\Users\Incognitus\.gradle\caches\modules-2\files-2.1\org.jetbrains.skiko\skiko-awt-runtime-windows-x64\0.9.37.4\348449c8ddcd248c336def6b799a2ee4a58bb546\skiko-awt-runtime-windows-x64-0.9.37.4.jar;C:\Users\Incognitus\.gradle\caches\modules-2\files-2.1\org.jetbrains.compose.ui\ui-text-desktop\1.10.3\7babd6e2dea601e74bed24b4017350e1acf4569c\ui-text-desktop-1.10.3.jar;C:\Users\Incognitus\.gradle\caches\modules-2\files-2.1\org.jetbrains.compose.ui\ui-graphics-desktop\1.10.3\1fd5d0189d75eca10163a1f07842627519399337\ui-graphics-desktop-1.10.3.jar;C:\Users\Incognitus\.gradle\caches\modules-2\files-2.1\org.jetbrains.skiko\skiko-awt\0.9.37.4\fc7470cca1041a52b182a921205c5c224e7709ad\skiko-awt-0.9.37.4.jar;C:\Users\Incognitus\.gradle\caches\modules-2\files-2.1\org.jetbrains.compose.ui\ui-tooling-preview-desktop\1.10.3\6d464d6c6d654d45aecdfaff7a08d64af62217e2\ui-tooling-preview-desktop-1.10.3.jar;C:\Users\Incognitus\.gradle\caches\modules-2\files-2.1\org.jetbrains.compose.ui\ui-backhandler-desktop\1.10.3\ed725f86a0fdff73fb37561ffb606166725e4b6f\ui-backhandler-desktop-1.10.3.jar;C:\Users\Incognitus\.gradle\caches\modules-2\files-2.1\androidx.navigationevent\navigationevent-desktop\1.0.2\ddb1e7fe97ed51c3d35bba493f97fcf12398719\navigationevent-desktop-1.0.2.jar;C:\Users\Incognitus\.gradle\caches\modules-2\files-2.1\androidx.compose.runtime\runtime-annotation-jvm\1.10.5\ea491da34ba40ae9bd340c393566753ddfd95a76\runtime-annotation-jvm-1.10.5.jar;C:\Users\Incognitus\.gradle\caches\modules-2\files-2.1\androidx.compose.runtime\runtime-retain-desktop\1.10.5\879812e3cd2c6151f5d91f515a35952b1be07a76\runtime-retain-desktop-1.10.5.jar;C:\Users\Incognitus\.gradle\caches\modules-2\files-2.1\androidx.compose.runtime\runtime-saveable-desktop\1.10.5\f6903c683c07ba479659ba4eb55bc7c80a7c433e\runtime-saveable-desktop-1.10.5.jar;C:\Users\Incognitus\.gradle\caches\modules-2\files-2.1\org.jetbrains.compose.runtime\runtime-saveable-desktop\1.10.3\9b0e2a8ce3ae7d2b1a40307bc9271933b238cfd4\runtime-saveable-desktop-1.10.3.jar;C:\Users\Incognitus\.gradle\caches\modules-2\files-2.1\org.jetbrains.androidx.navigation\navigation-runtime-desktop\2.9.2\61efcf8be17657e437de3eab0796f18869dc94b1\navigation-runtime-desktop-2.9.2.jar;C:\Users\Incognitus\.gradle\caches\modules-2\files-2.1\org.jetbrains.androidx.navigation\navigation-common-desktop\2.9.2\fd0498502f3bbc8528185bc8c2f9a3a1730a1237\navigation-common-desktop-2.9.2.jar;C:\Users\Incognitus\.gradle\caches\modules-2\files-2.1\androidx.lifecycle\lifecycle-viewmodel-savedstate-desktop\2.10.0\ec55d21af7e860f55e1797163df33737473f211a\lifecycle-viewmodel-savedstate-desktop-2.10.0.jar;C:\Users\Incognitus\.gradle\caches\modules-2\files-2.1\androidx.lifecycle\lifecycle-viewmodel-desktop\2.10.0\8ff3a014a8c7e901085b76191cdbdfb4d9322cc2\lifecycle-viewmodel-desktop-2.10.0.jar;C:\Users\Incognitus\.gradle\caches\modules-2\files-2.1\androidx.lifecycle\lifecycle-runtime-desktop\2.10.0\fe39fe8e677652fd188c3cf1b1089a4c31bccd14\lifecycle-runtime-desktop-2.10.0.jar;C:\Users\Incognitus\.gradle\caches\modules-2\files-2.1\org.jetbrains.androidx.savedstate\savedstate-compose-desktop\1.3.6\63692375ffe667f12cb3ea8aa1e605d659ed2add\savedstate-compose-desktop-1.3.6.jar;C:\Users\Incognitus\.gradle\caches\modules-2\files-2.1\androidx.savedstate\savedstate-compose-desktop\1.4.0\d3d6e0e2108528eb6080dc250da925a572be4202\savedstate-compose-desktop-1.4.0.jar;C:\Users\Incognitus\.gradle\caches\modules-2\files-2.1\androidx.savedstate\savedstate-desktop\1.4.0\3b049a0f81643d6b4b900de95bc23efc085c32d5\savedstate-desktop-1.4.0.jar;C:\Users\Incognitus\.gradle\caches\modules-2\files-2.1\androidx.lifecycle\lifecycle-common-jvm\2.10.0\2b7a92c746f3339efc533a2da0024e596760f816\lifecycle-common-jvm-2.10.0.jar;C:\Users\Incognitus\.gradle\caches\modules-2\files-2.1\androidx.lifecycle\lifecycle-runtime-compose-desktop\2.10.0\c277d78d334495bc70c976007a6fddb4c39ff65c\lifecycle-runtime-compose-desktop-2.10.0.jar;C:\Users\Incognitus\.gradle\caches\modules-2\files-2.1\org.jetbrains.androidx.lifecycle\lifecycle-runtime-compose-desktop\2.10.0\7b6b6793f3c4c5996b20d1d99cf728e5fac00364\lifecycle-runtime-compose-desktop-2.10.0.jar;C:\Users\Incognitus\.gradle\caches\modules-2\files-2.1\org.jetbrains.compose.ui\ui-unit-desktop\1.10.3\aeeb2f31358ab5abf0bafa0828de2faba7189db5\ui-unit-desktop-1.10.3.jar;C:\Users\Incognitus\.gradle\caches\modules-2\files-2.1\org.jetbrains.compose.ui\ui-geometry-desktop\1.10.3\779ddaadbc03720f7bb2507f6ed6dc4ffc9e7f3e\ui-geometry-desktop-1.10.3.jar;C:\Users\Incognitus\.gradle\caches\modules-2\files-2.1\org.jetbrains.compose.runtime\runtime-desktop\1.10.3\edbd39fc9691f4ba1e29c6690341148db4272752\runtime-desktop-1.10.3.jar;C:\Users\Incognitus\.gradle\caches\modules-2\files-2.1\androidx.compose.runtime\runtime-desktop\1.10.5\b1705e2087f06395622b784aa88e2e738043459\runtime-desktop-1.10.5.jar;C:\Users\Incognitus\.gradle\caches\modules-2\files-2.1\org.jetbrains.kotlinx\kotlinx-coroutines-core-jvm\1.10.2\4a9f78ef49483748e2c129f3d124b8fa249dafbf\kotlinx-coroutines-core-jvm-1.10.2.jar;C:\Users\Incognitus\.gradle\caches\modules-2\files-2.1\org.jetbrains.kotlinx\kotlinx-coroutines-swing\1.10.2\ccb5a2e7c83fa76da0ba4677f05678d3bd3eed57\kotlinx-coroutines-swing-1.10.2.jar;C:\Users\Incognitus\.gradle\caches\modules-2\files-2.1\org.jetbrains.kotlinx\kotlinx-datetime-jvm\0.7.1\81c2e0246bd28cc2dcbdf0ab53628322e66a9de9\kotlinx-datetime-jvm-0.7.1.jar;C:\Users\Incognitus\.gradle\caches\modules-2\files-2.1\io.github.aakira\napier-jvm\2.7.1\3f3f815adcb46cf8106e9c2329bef656b4307815\napier-jvm-2.7.1.jar;C:\Users\Incognitus\.gradle\caches\modules-2\files-2.1\org.jetbrains.kotlin\kotlin-stdlib-jdk8\2.2.20\57c4d839a6e5ad105d61ffc5cc0bf4de649c1714\kotlin-stdlib-jdk8-2.2.20.jar;C:\Users\Incognitus\.gradle\caches\modules-2\files-2.1\org.jetbrains.compose.ui\ui-util-desktop\1.10.3\fe41825dccacb792ded7df579736a0ed919ee270\ui-util-desktop-1.10.3.jar;C:\Users\Incognitus\.gradle\caches\modules-2\files-2.1\org.jetbrains.kotlinx\atomicfu-jvm\0.23.2\a4601dc42dceb031a586058e8356ff778a57dea0\atomicfu-jvm-0.23.2.jar;C:\Users\Incognitus\.gradle\caches\modules-2\files-2.1\androidx.graphics\graphics-shapes-desktop\1.1.0\a5d2198960bdc0915f74c6b2954d3323f35f40ea\graphics-shapes-desktop-1.1.0.jar;C:\Users\Incognitus\.gradle\caches\modules-2\files-2.1\androidx.collection\collection-jvm\1.5.0\7ba2c69414d46ebc2dd76598bdd0a75c54281a57\collection-jvm-1.5.0.jar;C:\Users\Incognitus\.gradle\caches\modules-2\files-2.1\androidx.arch.core\core-common\2.2.0\5e1b8b81dfd5f52c56a8d53b18ca759c19a301f3\core-common-2.2.0.jar;C:\Users\Incognitus\.gradle\caches\modules-2\files-2.1\androidx.annotation\annotation-jvm\1.9.1\b17951747e38bf3986a24431b9ba0d039958aa5f\annotation-jvm-1.9.1.jar;C:\Users\Incognitus\.gradle\caches\modules-2\files-2.1\org.jetbrains.kotlin\kotlin-stdlib-jdk7\2.2.20\bdbe3b5d872fa3b74d8fcd4e7ca3193f4abc9cc8\kotlin-stdlib-jdk7-2.2.20.jar;C:\Users\Incognitus\.gradle\caches\modules-2\files-2.1\org.jetbrains.kotlinx\kotlinx-serialization-core-jvm\1.7.3\1f226780b845ff9206474c05159245d861556249\kotlinx-serialization-core-jvm-1.7.3.jar;C:\Users\Incognitus\.gradle\caches\modules-2\files-2.1\org.jetbrains.kotlin\kotlin-stdlib\2.3.20\ed866de74ad3d49086a27bbd75952cd186479436\kotlin-stdlib-2.3.20.jar;C:\Users\Incognitus\.gradle\caches\modules-2\files-2.1\org.jetbrains\annotations\23.0.0\8cc20c07506ec18e0834947b84a864bfc094484e\annotations-23.0.0.jar;C:\Users\Incognitus\.gradle\caches\modules-2\files-2.1\org.jetbrains.runtime\jbr-api\1.5.0\4158e485a7a4ecfd521e03095d81e0225529e8d2\jbr-api-1.5.0.jar;C:\Users\Incognitus\.gradle\caches\modules-2\files-2.1\org.jspecify\jspecify\1.0.0\7425a601c1c7ec76645a78d22b8c6a627edee507\jspecify-1.0.0.jar
Launcher Type: SUN_STANDARD

[Global flags]
     intx CICompilerCount                          = 4                                         {product} {ergonomic}
     uint ConcGCThreads                            = 2                                         {product} {ergonomic}
     uint G1ConcRefinementThreads                  = 8                                         {product} {ergonomic}
   size_t G1HeapRegionSize                         = 1048576                                   {product} {ergonomic}
    uintx GCDrainStackTargetSize                   = 64                                        {product} {ergonomic}
   size_t InitialHeapSize                          = 100663296                                 {product} {ergonomic}
   size_t MarkStackSize                            = 4194304                                   {product} {ergonomic}
   size_t MaxHeapSize                              = 1579155456                                {product} {ergonomic}
   size_t MaxNewSize                               = 946864128                                 {product} {ergonomic}
   size_t MinHeapDeltaBytes                        = 1048576                                   {product} {ergonomic}
   size_t MinHeapSize                              = 8388608                                   {product} {ergonomic}
    uintx NonNMethodCodeHeapSize                   = 5839372                                {pd product} {ergonomic}
    uintx NonProfiledCodeHeapSize                  = 122909434                              {pd product} {ergonomic}
    uintx ProfiledCodeHeapSize                     = 122909434                              {pd product} {ergonomic}
    uintx ReservedCodeCacheSize                    = 251658240                              {pd product} {ergonomic}
     bool SegmentedCodeCache                       = true                                      {product} {ergonomic}
   size_t SoftMaxHeapSize                          = 1579155456                             {manageable} {ergonomic}
     bool UseCompressedOops                        = true                           {product lp64_product} {ergonomic}
     bool UseG1GC                                  = true                                      {product} {ergonomic}
     bool UseLargePagesIndividualAllocation        = false                                  {pd product} {ergonomic}

Logging:
Log output configuration:
 #0: stdout all=warning uptime,level,tags foldmultilines=false
 #1: stderr all=off uptime,level,tags foldmultilines=false

Release file:
JAVA_VERSION="21.0.9" 
MODULES="java.base java.compiler java.datatransfer java.xml java.prefs java.desktop java.instrument java.logging java.management java.security.sasl java.naming java.rmi java.management.rmi java.net.http java.scripting java.security.jgss java.transaction.xa java.sql java.sql.rowset java.xml.crypto java.se java.smartcardio jdk.accessibility jdk.internal.jvmstat jdk.attach jdk.charsets jdk.internal.opt jdk.zipfs jdk.compiler jdk.crypto.ec jdk.crypto.cryptoki jdk.dynalink jdk.hotspot.agent jdk.httpserver jdk.internal.ed jdk.internal.le jdk.internal.vm.ci jdk.jartool jdk.javadoc jdk.jcmd jdk.jdeps jdk.jdwp.agent jdk.jdi jdk.jfr jdk.jlink jdk.jsobject jdk.localedata jdk.management jdk.management.agent jdk.management.jfr jdk.naming.dns jdk.naming.rmi jdk.net jdk.sctp jdk.security.auth jdk.security.jgss jdk.unsupported jdk.unsupported.desktop jdk.xml.dom" 
IMPLEMENTOR="JetBrains s.r.o." 
JAVA_RUNTIME_VERSION="21.0.9+-14787801-b1163.94" 
LIBC="default" 
OS_ARCH="x86_64" 
OS_NAME="Windows" 
SOURCE=".:git:0c757ddc9f2f" 

Environment Variables:
PATH=C:\Program Files (x86)\Embarcadero\Studio\23.0\bin;C:\Users\Public\Documents\Embarcadero\Studio\23.0\Bpl;C:\Program Files (x86)\Embarcadero\Studio\23.0\bin64;C:\Users\Public\Documents\Embarcadero\Studio\23.0\Bpl\Win64;C:\Program Files (x86)\Common Files\Oracle\Java\javapath;C:\Windows\system32;C:\Windows;C:\Windows\System32\Wbem;C:\Windows\System32\WindowsPowerShell\v1.0\;C:\Windows\System32\OpenSSH\;C:\Program Files (x86)\Windows Kits\10\Windows Performance Toolkit\;C:\Program Files (x86)\NVIDIA Corporation\PhysX\Common;C:\Program Files\dotnet\;C:\Program Files (x86)\\FastReport VCL RAD\Bin;C:\Program Files (x86)\\FastReport VCL RAD\Bin;C:\Windows\system32\config\systemprofile\AppData\Local\Muse Hub\lib;C:\Program Files (x86)\\FastReport VCL RAD\Bin;C:\Program Files (x86)\Microsoft SQL Server\160\Tools\Binn\;C:\Program Files\Microsoft SQL Server\160\Tools\Binn\;C:\Program Files\Microsoft SQL Server\Client SDK\ODBC\170\Tools\Binn\;C:\Program Files\Microsoft SQL Server\160\DTS\Binn\;C:\Program Files\Microsoft SQL Server\170\DTS\Binn\;C:\Program Files\Microsoft SQL Server Migration Assistant for Access\bin\;C:\Program Files\nodejs\;C:\Program Files\Git\cmd;C:\Program Files\MySQL\MySQL Shell 8.0\bin\;C:\Users\Incognitus\AppData\Local\Programs\Python\Launcher\;C:\Users\Incognitus\AppData\Local\Microsoft\WindowsApps;C:\msys64\mingw64\bin;C:\Program Files\JetBrains\CLion 2024.3.5\bin;;C:\Program Files\JetBrains\JetBrains Rider 2024.3.6\bin;;C:\Users\Incognitus\.dotnet\tools;C:\Users\Incognitus\AppData\Local\Programs\Microsoft VS Code\bin;C:\Program Files\JetBrains\WebStorm 2025.2.1\bin;C:\Program Files\JetBrains\IntelliJ IDEA 2025.3.2\bin;C:\Users\Incognitus\AppData\Roaming\npm;C:\Users\Incognitus\AppData\Local\Programs\cursor\resources\app\bin;C:\Users\Incognitus\AppData\Local\Programs\Antigravity\bin
USERNAME=Incognitus
OS=Windows_NT
PROCESSOR_IDENTIFIER=AMD64 Family 23 Model 24 Stepping 1, AuthenticAMD
TMP=C:\Users\INCOGN~1\AppData\Local\Temp
TEMP=C:\Users\INCOGN~1\AppData\Local\Temp




Periodic native trim disabled

JNI global refs:
JNI global refs: 142, weak refs: 11

JNI global refs memory usage: 2099, weak refs: 833

Process memory usage:
Resident Set Size: 287948K (4% of 6164744K total physical memory with 322136K free physical memory)

OOME stack traces (most recent first):
Classloader memory used:
Loader jdk.internal.loader.ClassLoaders$AppClassLoader                                 : 25141K
Loader bootstrap                                                                       : 17570K

---------------  S Y S T E M  ---------------

OS:
 Windows 10 , 64 bit Build 19041 (10.0.19041.4842)
OS uptime: 0 days 0:40 hours

CPU: total 8 (initial active 8) (8 cores per cpu, 2 threads per core) family 23 model 24 stepping 1 microcode 0x0, cx8, cmov, fxsr, ht, mmx, 3dnowpref, sse, sse2, sse3, ssse3, sse4a, sse4.1, sse4.2, popcnt, lzcnt, tsc, tscinvbit, avx, avx2, aes, clmul, bmi1, bmi2, adx, sha, fma, vzeroupper, clflush, clflushopt, rdtscp, f16c
Processor Information for the first 8 processors :
  Max Mhz: 2100, Current Mhz: 2100, Mhz Limit: 2100

Memory: 4k page, system-wide physical 6020M (307M free)
TotalPageFile size 19020M (AvailPageFile size 5M)
current process WorkingSet (physical memory assigned to process): 281M, peak: 292M
current process commit charge ("private bytes"): 323M, peak: 340M

vm_info: OpenJDK 64-Bit Server VM (21.0.9+-14787801-b1163.94) for windows-amd64 JRE (21.0.9+-14787801-b1163.94), built on 2026-01-27T21:15:44Z by "builder" with MS VC++ 16.10 / 16.11 (VS2019)

END.
